--------------------------------------------------------------------------------
Release 14.7 Trace  (nt)
Copyright (c) 1995-2013 Xilinx, Inc.  All rights reserved.

B:\programfolder\ise\14.7\ISE_DS\ISE\bin\nt\unwrapped\trce.exe -intstyle ise -v
3 -s 5 -n 3 -fastpaths -xml carry_lookahead_adder.twx carry_lookahead_adder.ncd
-o carry_lookahead_adder.twr carry_lookahead_adder.pcf

Design file:              carry_lookahead_adder.ncd
Physical constraint file: carry_lookahead_adder.pcf
Device,package,speed:     xc3s100e,vq100,-5 (PRODUCTION 1.27 2013-10-13)
Report level:             verbose report

Environment Variable      Effect 
--------------------      ------ 
NONE                      No environment variables were set
--------------------------------------------------------------------------------

INFO:Timing:2698 - No timing constraints found, doing default enumeration.
INFO:Timing:3412 - To improve timing, see the Timing Closure User Guide (UG612).
INFO:Timing:2752 - To get complete path coverage, use the unconstrained paths 
   option. All paths that are not constrained will be reported in the 
   unconstrained paths section(s) of the report.
INFO:Timing:3339 - The clock-to-out numbers in this timing report are based on 
   a 50 Ohm transmission line loading model.  For the details of this model, 
   and for more information on accounting for different loading conditions, 
   please see the device datasheet.
INFO:Timing:3390 - This architecture does not support a default System Jitter 
   value, please add SYSTEM_JITTER constraint to the UCF to modify the Clock 
   Uncertainty calculation.
INFO:Timing:3389 - This architecture does not support 'Discrete Jitter' and 
   'Phase Error' calculations, these terms will be zero in the Clock 
   Uncertainty calculation.  Please make appropriate modification to 
   SYSTEM_JITTER to account for the unsupported Discrete Jitter and Phase 
   Error.



Data Sheet report:
-----------------
All values displayed in nanoseconds (ns)

Pad to Pad
---------------+---------------+---------+
Source Pad     |Destination Pad|  Delay  |
---------------+---------------+---------+
a<0>           |cout           |    8.381|
a<0>           |sum<0>         |    5.692|
a<0>           |sum<1>         |    7.003|
a<0>           |sum<2>         |    7.996|
a<0>           |sum<3>         |    8.744|
a<1>           |cout           |    7.626|
a<1>           |sum<1>         |    6.226|
a<1>           |sum<2>         |    7.241|
a<1>           |sum<3>         |    7.989|
a<2>           |cout           |    6.245|
a<2>           |sum<2>         |    5.860|
a<2>           |sum<3>         |    6.608|
a<3>           |cout           |    5.934|
a<3>           |sum<3>         |    6.141|
b<0>           |cout           |    8.146|
b<0>           |sum<0>         |    5.765|
b<0>           |sum<1>         |    6.768|
b<0>           |sum<2>         |    7.761|
b<0>           |sum<3>         |    8.509|
b<1>           |cout           |    7.903|
b<1>           |sum<1>         |    6.469|
b<1>           |sum<2>         |    7.518|
b<1>           |sum<3>         |    8.266|
b<2>           |cout           |    6.393|
b<2>           |sum<2>         |    6.008|
b<2>           |sum<3>         |    6.756|
b<3>           |cout           |    5.725|
b<3>           |sum<3>         |    6.077|
cin            |cout           |    8.623|
cin            |sum<0>         |    6.340|
cin            |sum<1>         |    7.245|
cin            |sum<2>         |    8.238|
cin            |sum<3>         |    8.986|
---------------+---------------+---------+


Analysis completed Thu Dec 15 23:22:01 2016 
--------------------------------------------------------------------------------

Trace Settings:
-------------------------
Trace Settings 

Peak Memory Usage: 127 MB



